\BOOKMARK [0][-]{resumen.0}{Resumen}{}
\BOOKMARK [0][-]{dedicatoria.0}{Dedicatoria}{}
\BOOKMARK [0][-]{section*.3}{\315ndice general}{}
\BOOKMARK [0][-]{chapter.1}{Introducci\363n}{}
\BOOKMARK [0][-]{chapter.2}{Entorno Empresarial}{}
\BOOKMARK [1][-]{section.2.1}{Antecedentes de la Empresa}{chapter.2}
\BOOKMARK [1][-]{section.2.2}{Misi\363n}{chapter.2}
\BOOKMARK [1][-]{section.2.3}{Visi\363n}{chapter.2}
\BOOKMARK [1][-]{section.2.4}{Estructura Organizacional}{chapter.2}
\BOOKMARK [1][-]{section.2.5}{Ubicaci\363n del Pasante}{chapter.2}
\BOOKMARK [0][-]{chapter.3}{Marco te\363rico}{}
\BOOKMARK [1][-]{section.3.1}{Aspectos del Negocio}{chapter.3}
\BOOKMARK [2][-]{subsection.3.1.1}{Local}{section.3.1}
\BOOKMARK [2][-]{subsection.3.1.2}{Taxonom\355as}{section.3.1}
\BOOKMARK [2][-]{subsection.3.1.3}{Rese\361a}{section.3.1}
\BOOKMARK [1][-]{section.3.2}{Aspectos Tecnol\363gicos}{chapter.3}
\BOOKMARK [2][-]{subsection.3.2.1}{Tecnolog\355as Asociadas con la Aplicaci\363n M\363vil}{section.3.2}
\BOOKMARK [3][-]{subsubsection.3.2.1.1}{Tel\351fono Inteligente}{subsection.3.2.1}
\BOOKMARK [3][-]{subsubsection.3.2.1.2}{Android}{subsection.3.2.1}
\BOOKMARK [4][-]{paragraph.3.2.1.2.1}{Arquitectura del Sistema Android}{subsubsection.3.2.1.2}
\BOOKMARK [4][-]{paragraph.3.2.1.2.2}{Estructura b\341sica de una aplicaci\363n Android}{subsubsection.3.2.1.2}
\BOOKMARK [4][-]{paragraph.3.2.1.2.3}{SQLite}{subsubsection.3.2.1.2}
\BOOKMARK [3][-]{subsubsection.3.2.1.3}{Eclipse}{subsection.3.2.1}
\BOOKMARK [2][-]{subsection.3.2.2}{Tecnolog\355as Asociadas con Tuguia.de}{section.3.2}
\BOOKMARK [3][-]{subsubsection.3.2.2.1}{Drupal}{subsection.3.2.2}
\BOOKMARK [3][-]{subsubsection.3.2.2.2}{Apache Solr}{subsection.3.2.2}
\BOOKMARK [0][-]{chapter.4}{Marco Metodol\363gico}{}
\BOOKMARK [1][-]{section.4.1}{Scrum}{chapter.4}
\BOOKMARK [2][-]{subsection.4.1.1}{Roles en Scrum}{section.4.1}
\BOOKMARK [2][-]{subsection.4.1.2}{El proceso de Scrum}{section.4.1}
\BOOKMARK [1][-]{section.4.2}{Desarrollo Basado en Pruebas y Comportamientos}{chapter.4}
\BOOKMARK [0][-]{chapter.5}{Desarrollo del Proyecto}{}
\BOOKMARK [1][-]{subsection.5.0.1}{Descripci\363n del Sistema Actual}{chapter.5}
\BOOKMARK [2][-]{subsubsection.5.0.1.1}{Contenido del Sitio}{subsection.5.0.1}
\BOOKMARK [3][-]{subsubsection.5.0.1.2}{API de Tuguia.de}{subsubsection.5.0.1.1}
\BOOKMARK [0][-]{section*.12}{Bibliograf\355a}{}
